INFO [acme.Launcher] Starting Launcher using Java 1.8.0_281 on SAKURA with PID 4232 (C:\Users\luca_\Desktop\UNI\DP2\Workspace-21.1\Projects\Acme-Planner\target\classes started by Sakura in C:\Users\luca_\Desktop\UNI\DP2\Workspace-21.1\Projects\Acme-Planner)
INFO [acme.Launcher] The following profiles are active: development,populator
INFO [acme.Launcher] Started Launcher in 8.945 seconds (JVM running for 9.665)
INFO [acme.framework.utilities.DatabasePopulator] Populating initial data
INFO [acme.framework.utilities.DatabasePopulator] Recreating schema
INFO [acme.framework.utilities.DatabasePopulator] Populating entities from classpath:/WEB-INF/population/initial-data.xml
INFO [acme.framework.utilities.DatabasePopulator] Validating your entities.
INFO [acme.framework.utilities.DatabasePopulator] Validating configuration1 ... PASS
INFO [acme.framework.utilities.DatabasePopulator] Validating anonymousUserAccount ... PASS
INFO [acme.framework.utilities.DatabasePopulator] Validating anonymousAnonymous ... PASS
INFO [acme.framework.utilities.DatabasePopulator] Validating authenticatedUserAccount ... PASS
INFO [acme.framework.utilities.DatabasePopulator] Validating authenticatedAuthenticated ... PASS
INFO [acme.framework.utilities.DatabasePopulator] Validating administratorUserAccount ... PASS
INFO [acme.framework.utilities.DatabasePopulator] Validating administratorAdministrator ... PASS
INFO [acme.framework.utilities.DatabasePopulator] Validating administratorAuthenticated ... PASS
INFO [acme.framework.utilities.DatabasePopulator] Validating managerUserAccount ... PASS
INFO [acme.framework.utilities.DatabasePopulator] Validating managerManager ... PASS
INFO [acme.framework.utilities.DatabasePopulator] Validating managerAuthenticated ... PASS
INFO [acme.framework.utilities.DatabasePopulator] Sorting your entities topologically.
INFO [acme.framework.utilities.DatabasePopulator] > Setting index 0 for configuration1.
INFO [acme.framework.utilities.DatabasePopulator] > Setting index 1 for anonymousUserAccount.
INFO [acme.framework.utilities.DatabasePopulator] > Setting index 2 for anonymousAnonymous.
INFO [acme.framework.utilities.DatabasePopulator] > Setting index 3 for authenticatedUserAccount.
INFO [acme.framework.utilities.DatabasePopulator] > Setting index 4 for authenticatedAuthenticated.
INFO [acme.framework.utilities.DatabasePopulator] > Setting index 5 for administratorUserAccount.
INFO [acme.framework.utilities.DatabasePopulator] > Setting index 6 for administratorAdministrator.
INFO [acme.framework.utilities.DatabasePopulator] > Setting index 7 for administratorAuthenticated.
INFO [acme.framework.utilities.DatabasePopulator] > Setting index 8 for managerUserAccount.
INFO [acme.framework.utilities.DatabasePopulator] > Setting index 9 for managerManager.
INFO [acme.framework.utilities.DatabasePopulator] > Setting index 10 for managerAuthenticated.
INFO [acme.framework.utilities.DatabasePopulator] Persiting your entities.
INFO [acme.framework.utilities.DatabasePopulator] > Persisting configuration1 = acme.entities.configurations.Configuration{id=1, version=0}
INFO [acme.framework.utilities.DatabasePopulator] > Persisting anonymousUserAccount = acme.framework.entities.UserAccount{id=2, version=0}
INFO [acme.framework.utilities.DatabasePopulator] > Persisting anonymousAnonymous = acme.framework.entities.Anonymous{id=3, version=0}
INFO [acme.framework.utilities.DatabasePopulator] > Persisting authenticatedUserAccount = acme.framework.entities.UserAccount{id=4, version=0}
INFO [acme.framework.utilities.DatabasePopulator] > Persisting authenticatedAuthenticated = acme.framework.entities.Authenticated{id=5, version=0}
INFO [acme.framework.utilities.DatabasePopulator] > Persisting administratorUserAccount = acme.framework.entities.UserAccount{id=6, version=0}
INFO [acme.framework.utilities.DatabasePopulator] > Persisting administratorAdministrator = acme.framework.entities.Administrator{id=7, version=0}
INFO [acme.framework.utilities.DatabasePopulator] > Persisting administratorAuthenticated = acme.framework.entities.Authenticated{id=8, version=0}
INFO [acme.framework.utilities.DatabasePopulator] > Persisting managerUserAccount = acme.framework.entities.UserAccount{id=9, version=0}
INFO [acme.framework.utilities.DatabasePopulator] > Persisting managerManager = acme.entities.roles.Manager{id=10, version=0}
INFO [acme.framework.utilities.DatabasePopulator] > Persisting managerAuthenticated = acme.framework.entities.Authenticated{id=11, version=0}
INFO [acme.framework.configuration.ShutdownConfiguration] The system is shutting down...
